[0315/142025.066:INFO:CONSOLE(7)] "Another connection wants to delete database 'wawc'. Closing db now to resume the delete request.", source: https://web.whatsapp.com/vendor1~app.0c8e960e5dfd7020f562.js (7)
[0315/142026.394:INFO:CONSOLE(1)] "Store Object 'Identity' was not found", source:  (1)
[0315/142026.394:INFO:CONSOLE(1)] "Store Object 'MediaUpload' was not found", source:  (1)
[0315/142026.394:INFO:CONSOLE(1)] "Store Object 'sendSetGroupSubject' was not found", source:  (1)
[0315/142026.394:INFO:CONSOLE(1)] "Store Object 'sendSetGroupProperty' was not found", source:  (1)
[0315/142026.394:INFO:CONSOLE(1)] "Store Object 'sendSetGroupDescription' was not found", source:  (1)
[0315/142026.394:INFO:CONSOLE(5)] "[object Event]", source: https://web.whatsapp.com/app.9e31a8725d9f2a90915f.js (5)
[0315/142026.402:INFO:CONSOLE(5)] "[object Event]", source: https://web.whatsapp.com/app.9e31a8725d9f2a90915f.js (5)
[0315/142026.402:INFO:CONSOLE(5)] "[object Event]", source: https://web.whatsapp.com/app.9e31a8725d9f2a90915f.js (5)
[0315/142026.402:INFO:CONSOLE(5)] "[object Event]", source: https://web.whatsapp.com/app.9e31a8725d9f2a90915f.js (5)
[0315/142026.402:INFO:CONSOLE(5)] "[object Event]", source: https://web.whatsapp.com/app.9e31a8725d9f2a90915f.js (5)
[0315/142429.149:INFO:CONSOLE(1)] "Another connection wants to delete database 'wawc_db_enc'. Closing db now to resume the delete request.", source: https://web.whatsapp.com/WAWebWorker.5d7b6f3634bfc388fc0d.worker.js (1)
[0315/142429.149:INFO:CONSOLE(7)] "Another connection wants to delete database 'wawc_db_enc'. Closing db now to resume the delete request.", source: https://web.whatsapp.com/vendor1~app.0c8e960e5dfd7020f562.js (7)
[0315/142429.189:INFO:CONSOLE(1)] "Another connection wants to delete database 'model-storage'. Closing db now to resume the delete request.", source: https://web.whatsapp.com/WAWebWorker.5d7b6f3634bfc388fc0d.worker.js (1)
[0315/142429.190:INFO:CONSOLE(1)] "Another connection wants to delete database 'fts-storage'. Closing db now to resume the delete request.", source: https://web.whatsapp.com/WAWebWorker.5d7b6f3634bfc388fc0d.worker.js (1)
[0315/142429.640:INFO:CONSOLE(7)] "Another connection wants to delete database 'wawc'. Closing db now to resume the delete request.", source: https://web.whatsapp.com/vendor1~app.0c8e960e5dfd7020f562.js (7)
[0315/142431.118:INFO:CONSOLE(1)] "Store Object 'Identity' was not found", source:  (1)
[0315/142431.118:INFO:CONSOLE(1)] "Store Object 'MediaUpload' was not found", source:  (1)
[0315/142431.118:INFO:CONSOLE(1)] "Store Object 'sendSetGroupSubject' was not found", source:  (1)
[0315/142431.118:INFO:CONSOLE(1)] "Store Object 'sendSetGroupProperty' was not found", source:  (1)
[0315/142431.118:INFO:CONSOLE(1)] "Store Object 'sendSetGroupDescription' was not found", source:  (1)
[0315/142431.118:INFO:CONSOLE(5)] "[object Event]", source: https://web.whatsapp.com/app.9e31a8725d9f2a90915f.js (5)
[0315/142431.118:INFO:CONSOLE(5)] "[object Event]", source: https://web.whatsapp.com/app.9e31a8725d9f2a90915f.js (5)
[0315/142431.118:INFO:CONSOLE(5)] "[object Event]", source: https://web.whatsapp.com/app.9e31a8725d9f2a90915f.js (5)
[0315/142431.118:INFO:CONSOLE(5)] "[object Event]", source: https://web.whatsapp.com/app.9e31a8725d9f2a90915f.js (5)
[0315/142431.118:INFO:CONSOLE(5)] "[object Event]", source: https://web.whatsapp.com/app.9e31a8725d9f2a90915f.js (5)
